[0.000000] (-) TimerEvent: {}
[0.000038] (autodrive_roboracer) JobQueued: {'identifier': 'autodrive_roboracer', 'dependencies': OrderedDict()}
[0.000050] (autodrive_roboracer) JobStarted: {'identifier': 'autodrive_roboracer'}
[0.099682] (-) TimerEvent: {}
[0.173754] (autodrive_roboracer) Command: {'cmd': ['/usr/bin/python3', '-W', 'ignore:setup.py install is deprecated', '-W', 'ignore:easy_install command is deprecated', 'setup.py', 'egg_info', '--egg-base', '../../build/autodrive_roboracer', 'build', '--build-base', '/home/autodrive_devkit/build/autodrive_roboracer/build', 'install', '--record', '/home/autodrive_devkit/build/autodrive_roboracer/install.log', '--single-version-externally-managed', 'install_data'], 'cwd': '/home/autodrive_devkit/src/autodrive_devkit', 'env': {'HOME': '/root', 'OLDPWD': '/', 'ROS_DISTRO': 'humble', 'PATH': '/usr/local/sbin:/usr/local/bin:/usr/sbin:/usr/bin:/sbin:/bin', 'LANG': 'C.UTF-8', 'LC_ALL': 'C.UTF-8', 'PWD': '/home/autodrive_devkit/build/autodrive_roboracer', 'COLCON': '1', 'PYTHONPATH': '/home/autodrive_devkit/build/autodrive_roboracer/prefix_override:/usr/lib/python3/dist-packages/colcon_core/task/python/colcon_distutils_commands:/home/autodrive_devkit/install/autodrive_roboracer/lib/python3.10/site-packages:'}, 'shell': False}
[0.199745] (-) TimerEvent: {}
[0.239081] (autodrive_roboracer) StdoutLine: {'line': b'running egg_info\n'}
[0.239214] (autodrive_roboracer) StdoutLine: {'line': b'creating ../../build/autodrive_roboracer/autodrive_roboracer.egg-info\n'}
[0.239241] (autodrive_roboracer) StdoutLine: {'line': b'writing ../../build/autodrive_roboracer/autodrive_roboracer.egg-info/PKG-INFO\n'}
[0.239308] (autodrive_roboracer) StdoutLine: {'line': b'writing dependency_links to ../../build/autodrive_roboracer/autodrive_roboracer.egg-info/dependency_links.txt\n'}
[0.239366] (autodrive_roboracer) StdoutLine: {'line': b'writing entry points to ../../build/autodrive_roboracer/autodrive_roboracer.egg-info/entry_points.txt\n'}
[0.239410] (autodrive_roboracer) StdoutLine: {'line': b'writing requirements to ../../build/autodrive_roboracer/autodrive_roboracer.egg-info/requires.txt\n'}
[0.239430] (autodrive_roboracer) StdoutLine: {'line': b'writing top-level names to ../../build/autodrive_roboracer/autodrive_roboracer.egg-info/top_level.txt\n'}
[0.239448] (autodrive_roboracer) StdoutLine: {'line': b"writing manifest file '../../build/autodrive_roboracer/autodrive_roboracer.egg-info/SOURCES.txt'\n"}
[0.239936] (autodrive_roboracer) StdoutLine: {'line': b"reading manifest file '../../build/autodrive_roboracer/autodrive_roboracer.egg-info/SOURCES.txt'\n"}
[0.240247] (autodrive_roboracer) StdoutLine: {'line': b"writing manifest file '../../build/autodrive_roboracer/autodrive_roboracer.egg-info/SOURCES.txt'\n"}
[0.240292] (autodrive_roboracer) StdoutLine: {'line': b'running build\n'}
[0.240315] (autodrive_roboracer) StdoutLine: {'line': b'running build_py\n'}
[0.240407] (autodrive_roboracer) StdoutLine: {'line': b'creating /home/autodrive_devkit/build/autodrive_roboracer/build\n'}
[0.240429] (autodrive_roboracer) StdoutLine: {'line': b'creating /home/autodrive_devkit/build/autodrive_roboracer/build/lib\n'}
[0.240492] (autodrive_roboracer) StdoutLine: {'line': b'creating /home/autodrive_devkit/build/autodrive_roboracer/build/lib/autodrive_roboracer\n'}
[0.240535] (autodrive_roboracer) StdoutLine: {'line': b'copying autodrive_roboracer/autodrive_bridge.py -> /home/autodrive_devkit/build/autodrive_roboracer/build/lib/autodrive_roboracer\n'}
[0.240555] (autodrive_roboracer) StdoutLine: {'line': b'copying autodrive_roboracer/__init__.py -> /home/autodrive_devkit/build/autodrive_roboracer/build/lib/autodrive_roboracer\n'}
[0.240597] (autodrive_roboracer) StdoutLine: {'line': b'copying autodrive_roboracer/teleop_keyboard.py -> /home/autodrive_devkit/build/autodrive_roboracer/build/lib/autodrive_roboracer\n'}
[0.240616] (autodrive_roboracer) StdoutLine: {'line': b'copying autodrive_roboracer/config.py -> /home/autodrive_devkit/build/autodrive_roboracer/build/lib/autodrive_roboracer\n'}
[0.240634] (autodrive_roboracer) StdoutLine: {'line': b'running install\n'}
[0.240702] (autodrive_roboracer) StdoutLine: {'line': b'running install_lib\n'}
[0.240930] (autodrive_roboracer) StdoutLine: {'line': b'creating /home/autodrive_devkit/install/autodrive_roboracer/lib/python3.10/site-packages/autodrive_roboracer\n'}
[0.240972] (autodrive_roboracer) StdoutLine: {'line': b'copying /home/autodrive_devkit/build/autodrive_roboracer/build/lib/autodrive_roboracer/autodrive_bridge.py -> /home/autodrive_devkit/install/autodrive_roboracer/lib/python3.10/site-packages/autodrive_roboracer\n'}
[0.241018] (autodrive_roboracer) StdoutLine: {'line': b'copying /home/autodrive_devkit/build/autodrive_roboracer/build/lib/autodrive_roboracer/__init__.py -> /home/autodrive_devkit/install/autodrive_roboracer/lib/python3.10/site-packages/autodrive_roboracer\n'}
[0.241080] (autodrive_roboracer) StdoutLine: {'line': b'copying /home/autodrive_devkit/build/autodrive_roboracer/build/lib/autodrive_roboracer/teleop_keyboard.py -> /home/autodrive_devkit/install/autodrive_roboracer/lib/python3.10/site-packages/autodrive_roboracer\n'}
[0.241100] (autodrive_roboracer) StdoutLine: {'line': b'copying /home/autodrive_devkit/build/autodrive_roboracer/build/lib/autodrive_roboracer/config.py -> /home/autodrive_devkit/install/autodrive_roboracer/lib/python3.10/site-packages/autodrive_roboracer\n'}
[0.241247] (autodrive_roboracer) StdoutLine: {'line': b'byte-compiling /home/autodrive_devkit/install/autodrive_roboracer/lib/python3.10/site-packages/autodrive_roboracer/autodrive_bridge.py to autodrive_bridge.cpython-310.pyc\n'}
[0.242516] (autodrive_roboracer) StdoutLine: {'line': b'byte-compiling /home/autodrive_devkit/install/autodrive_roboracer/lib/python3.10/site-packages/autodrive_roboracer/__init__.py to __init__.cpython-310.pyc\n'}
[0.242565] (autodrive_roboracer) StdoutLine: {'line': b'byte-compiling /home/autodrive_devkit/install/autodrive_roboracer/lib/python3.10/site-packages/autodrive_roboracer/teleop_keyboard.py to teleop_keyboard.cpython-310.pyc\n'}
[0.242868] (autodrive_roboracer) StdoutLine: {'line': b'byte-compiling /home/autodrive_devkit/install/autodrive_roboracer/lib/python3.10/site-packages/autodrive_roboracer/config.py to config.cpython-310.pyc\n'}
[0.243120] (autodrive_roboracer) StdoutLine: {'line': b'running install_data\n'}
[0.243236] (autodrive_roboracer) StdoutLine: {'line': b'creating /home/autodrive_devkit/install/autodrive_roboracer/share/ament_index\n'}
[0.243333] (autodrive_roboracer) StdoutLine: {'line': b'creating /home/autodrive_devkit/install/autodrive_roboracer/share/ament_index/resource_index\n'}
[0.243356] (autodrive_roboracer) StdoutLine: {'line': b'creating /home/autodrive_devkit/install/autodrive_roboracer/share/ament_index/resource_index/packages\n'}
[0.243376] (autodrive_roboracer) StdoutLine: {'line': b'copying resource/autodrive_roboracer -> /home/autodrive_devkit/install/autodrive_roboracer/share/ament_index/resource_index/packages\n'}
[0.243394] (autodrive_roboracer) StdoutLine: {'line': b'copying package.xml -> /home/autodrive_devkit/install/autodrive_roboracer/share/autodrive_roboracer\n'}
[0.243411] (autodrive_roboracer) StdoutLine: {'line': b'creating /home/autodrive_devkit/install/autodrive_roboracer/share/autodrive_roboracer/launch\n'}
[0.243429] (autodrive_roboracer) StdoutLine: {'line': b'copying launch/bringup_graphics.launch.py -> /home/autodrive_devkit/install/autodrive_roboracer/share/autodrive_roboracer/launch\n'}
[0.243446] (autodrive_roboracer) StdoutLine: {'line': b'copying launch/bringup_headless.launch.py -> /home/autodrive_devkit/install/autodrive_roboracer/share/autodrive_roboracer/launch\n'}
[0.243467] (autodrive_roboracer) StdoutLine: {'line': b'creating /home/autodrive_devkit/install/autodrive_roboracer/share/autodrive_roboracer/rviz\n'}
[0.243484] (autodrive_roboracer) StdoutLine: {'line': b'copying rviz/autodrive_roboracer.rviz -> /home/autodrive_devkit/install/autodrive_roboracer/share/autodrive_roboracer/rviz\n'}
[0.243501] (autodrive_roboracer) StdoutLine: {'line': b'running install_egg_info\n'}
[0.243971] (autodrive_roboracer) StdoutLine: {'line': b'Copying ../../build/autodrive_roboracer/autodrive_roboracer.egg-info to /home/autodrive_devkit/install/autodrive_roboracer/lib/python3.10/site-packages/autodrive_roboracer-0.1.0-py3.10.egg-info\n'}
[0.244256] (autodrive_roboracer) StdoutLine: {'line': b'running install_scripts\n'}
[0.252221] (autodrive_roboracer) StdoutLine: {'line': b'Installing autodrive_bridge script to /home/autodrive_devkit/install/autodrive_roboracer/lib/autodrive_roboracer\n'}
[0.252280] (autodrive_roboracer) StdoutLine: {'line': b'Installing teleop_keyboard script to /home/autodrive_devkit/install/autodrive_roboracer/lib/autodrive_roboracer\n'}
[0.252386] (autodrive_roboracer) StdoutLine: {'line': b"writing list of installed files to '/home/autodrive_devkit/build/autodrive_roboracer/install.log'\n"}
[0.260148] (autodrive_roboracer) CommandEnded: {'returncode': 0}
[0.263910] (autodrive_roboracer) JobEnded: {'identifier': 'autodrive_roboracer', 'rc': 0}
[0.264141] (-) EventReactorShutdown: {}
