running egg_info
creating ../../build/ftg_algorithm/ftg_algorithm.egg-info
writing ../../build/ftg_algorithm/ftg_algorithm.egg-info/PKG-INFO
writing dependency_links to ../../build/ftg_algorithm/ftg_algorithm.egg-info/dependency_links.txt
writing entry points to ../../build/ftg_algorithm/ftg_algorithm.egg-info/entry_points.txt
writing requirements to ../../build/ftg_algorithm/ftg_algorithm.egg-info/requires.txt
writing top-level names to ../../build/ftg_algorithm/ftg_algorithm.egg-info/top_level.txt
writing manifest file '../../build/ftg_algorithm/ftg_algorithm.egg-info/SOURCES.txt'
reading manifest file '../../build/ftg_algorithm/ftg_algorithm.egg-info/SOURCES.txt'
writing manifest file '../../build/ftg_algorithm/ftg_algorithm.egg-info/SOURCES.txt'
running build
running build_py
creating /home/autodrive_devkit/build/ftg_algorithm/build
creating /home/autodrive_devkit/build/ftg_algorithm/build/lib
creating /home/autodrive_devkit/build/ftg_algorithm/build/lib/ftg_algorithm
copying ftg_algorithm/controller_node.py -> /home/autodrive_devkit/build/ftg_algorithm/build/lib/ftg_algorithm
copying ftg_algorithm/__init__.py -> /home/autodrive_devkit/build/ftg_algorithm/build/lib/ftg_algorithm
running install
running install_lib
creating /home/autodrive_devkit/install/ftg_algorithm/lib/python3.10/site-packages/ftg_algorithm
copying /home/autodrive_devkit/build/ftg_algorithm/build/lib/ftg_algorithm/controller_node.py -> /home/autodrive_devkit/install/ftg_algorithm/lib/python3.10/site-packages/ftg_algorithm
copying /home/autodrive_devkit/build/ftg_algorithm/build/lib/ftg_algorithm/__init__.py -> /home/autodrive_devkit/install/ftg_algorithm/lib/python3.10/site-packages/ftg_algorithm
byte-compiling /home/autodrive_devkit/install/ftg_algorithm/lib/python3.10/site-packages/ftg_algorithm/controller_node.py to controller_node.cpython-310.pyc
byte-compiling /home/autodrive_devkit/install/ftg_algorithm/lib/python3.10/site-packages/ftg_algorithm/__init__.py to __init__.cpython-310.pyc
running install_data
creating /home/autodrive_devkit/install/ftg_algorithm/share/ament_index
creating /home/autodrive_devkit/install/ftg_algorithm/share/ament_index/resource_index
creating /home/autodrive_devkit/install/ftg_algorithm/share/ament_index/resource_index/packages
copying resource/ftg_algorithm -> /home/autodrive_devkit/install/ftg_algorithm/share/ament_index/resource_index/packages
copying package.xml -> /home/autodrive_devkit/install/ftg_algorithm/share/ftg_algorithm
running install_egg_info
Copying ../../build/ftg_algorithm/ftg_algorithm.egg-info to /home/autodrive_devkit/install/ftg_algorithm/lib/python3.10/site-packages/ftg_algorithm-0.0.0-py3.10.egg-info
running install_scripts
Installing controller_node script to /home/autodrive_devkit/install/ftg_algorithm/lib/ftg_algorithm
writing list of installed files to '/home/autodrive_devkit/build/ftg_algorithm/install.log'
