[1.513s] Invoking command in '/home/autodrive_devkit/src/ftg_algorithm': PYTHONPATH=/home/autodrive_devkit/build/ftg_algorithm/prefix_override:/usr/lib/python3/dist-packages/colcon_core/task/python/colcon_distutils_commands:/home/autodrive_devkit/install/ftg_algorithm/lib/python3.10/site-packages:${PYTHONPATH} /usr/bin/python3 -W ignore:setup.py install is deprecated -W ignore:easy_install command is deprecated setup.py egg_info --egg-base ../../build/ftg_algorithm build --build-base /home/autodrive_devkit/build/ftg_algorithm/build install --record /home/autodrive_devkit/build/ftg_algorithm/install.log --single-version-externally-managed install_data
[1.920s] running egg_info
[1.921s] creating ../../build/ftg_algorithm/ftg_algorithm.egg-info
[1.921s] writing ../../build/ftg_algorithm/ftg_algorithm.egg-info/PKG-INFO
[1.922s] writing dependency_links to ../../build/ftg_algorithm/ftg_algorithm.egg-info/dependency_links.txt
[1.922s] writing entry points to ../../build/ftg_algorithm/ftg_algorithm.egg-info/entry_points.txt
[1.922s] writing requirements to ../../build/ftg_algorithm/ftg_algorithm.egg-info/requires.txt
[1.923s] writing top-level names to ../../build/ftg_algorithm/ftg_algorithm.egg-info/top_level.txt
[1.923s] writing manifest file '../../build/ftg_algorithm/ftg_algorithm.egg-info/SOURCES.txt'
[1.927s] reading manifest file '../../build/ftg_algorithm/ftg_algorithm.egg-info/SOURCES.txt'
[1.929s] writing manifest file '../../build/ftg_algorithm/ftg_algorithm.egg-info/SOURCES.txt'
[1.930s] running build
[1.930s] running build_py
[1.930s] creating /home/autodrive_devkit/build/ftg_algorithm/build
[1.932s] creating /home/autodrive_devkit/build/ftg_algorithm/build/lib
[1.933s] creating /home/autodrive_devkit/build/ftg_algorithm/build/lib/ftg_algorithm
[1.933s] copying ftg_algorithm/controller_node.py -> /home/autodrive_devkit/build/ftg_algorithm/build/lib/ftg_algorithm
[1.933s] copying ftg_algorithm/__init__.py -> /home/autodrive_devkit/build/ftg_algorithm/build/lib/ftg_algorithm
[1.933s] running install
[1.933s] running install_lib
[1.934s] creating /home/autodrive_devkit/install/ftg_algorithm/lib/python3.10/site-packages/ftg_algorithm
[1.934s] copying /home/autodrive_devkit/build/ftg_algorithm/build/lib/ftg_algorithm/controller_node.py -> /home/autodrive_devkit/install/ftg_algorithm/lib/python3.10/site-packages/ftg_algorithm
[1.934s] copying /home/autodrive_devkit/build/ftg_algorithm/build/lib/ftg_algorithm/__init__.py -> /home/autodrive_devkit/install/ftg_algorithm/lib/python3.10/site-packages/ftg_algorithm
[1.934s] byte-compiling /home/autodrive_devkit/install/ftg_algorithm/lib/python3.10/site-packages/ftg_algorithm/controller_node.py to controller_node.cpython-310.pyc
[1.938s] byte-compiling /home/autodrive_devkit/install/ftg_algorithm/lib/python3.10/site-packages/ftg_algorithm/__init__.py to __init__.cpython-310.pyc
[1.939s] running install_data
[1.939s] creating /home/autodrive_devkit/install/ftg_algorithm/share/ament_index
[1.939s] creating /home/autodrive_devkit/install/ftg_algorithm/share/ament_index/resource_index
[1.939s] creating /home/autodrive_devkit/install/ftg_algorithm/share/ament_index/resource_index/packages
[1.939s] copying resource/ftg_algorithm -> /home/autodrive_devkit/install/ftg_algorithm/share/ament_index/resource_index/packages
[1.940s] copying package.xml -> /home/autodrive_devkit/install/ftg_algorithm/share/ftg_algorithm
[1.940s] running install_egg_info
[1.944s] Copying ../../build/ftg_algorithm/ftg_algorithm.egg-info to /home/autodrive_devkit/install/ftg_algorithm/lib/python3.10/site-packages/ftg_algorithm-0.0.0-py3.10.egg-info
[1.945s] running install_scripts
[1.987s] Installing controller_node script to /home/autodrive_devkit/install/ftg_algorithm/lib/ftg_algorithm
[1.988s] writing list of installed files to '/home/autodrive_devkit/build/ftg_algorithm/install.log'
[2.036s] Invoked command in '/home/autodrive_devkit/src/ftg_algorithm' returned '0': PYTHONPATH=/home/autodrive_devkit/build/ftg_algorithm/prefix_override:/usr/lib/python3/dist-packages/colcon_core/task/python/colcon_distutils_commands:/home/autodrive_devkit/install/ftg_algorithm/lib/python3.10/site-packages:${PYTHONPATH} /usr/bin/python3 -W ignore:setup.py install is deprecated -W ignore:easy_install command is deprecated setup.py egg_info --egg-base ../../build/ftg_algorithm build --build-base /home/autodrive_devkit/build/ftg_algorithm/build install --record /home/autodrive_devkit/build/ftg_algorithm/install.log --single-version-externally-managed install_data
