[1.057s] Invoking command in '/home/autodrive_devkit/src/ftg_algorithm': PYTHONPATH=/home/autodrive_devkit/build/ftg_algorithm/prefix_override:/usr/lib/python3/dist-packages/colcon_core/task/python/colcon_distutils_commands:/home/autodrive_devkit/install/ftg_algorithm/lib/python3.10/site-packages:${PYTHONPATH} /usr/bin/python3 -W ignore:setup.py install is deprecated -W ignore:easy_install command is deprecated setup.py egg_info --egg-base ../../build/ftg_algorithm build --build-base /home/autodrive_devkit/build/ftg_algorithm/build install --record /home/autodrive_devkit/build/ftg_algorithm/install.log --single-version-externally-managed install_data
[1.471s] running egg_info
[1.472s] writing ../../build/ftg_algorithm/ftg_algorithm.egg-info/PKG-INFO
[1.473s] writing dependency_links to ../../build/ftg_algorithm/ftg_algorithm.egg-info/dependency_links.txt
[1.473s] writing entry points to ../../build/ftg_algorithm/ftg_algorithm.egg-info/entry_points.txt
[1.473s] writing requirements to ../../build/ftg_algorithm/ftg_algorithm.egg-info/requires.txt
[1.473s] writing top-level names to ../../build/ftg_algorithm/ftg_algorithm.egg-info/top_level.txt
[1.476s] reading manifest file '../../build/ftg_algorithm/ftg_algorithm.egg-info/SOURCES.txt'
[1.478s] writing manifest file '../../build/ftg_algorithm/ftg_algorithm.egg-info/SOURCES.txt'
[1.478s] running build
[1.478s] running build_py
[1.478s] copying ftg_algorithm/controller_node.py -> /home/autodrive_devkit/build/ftg_algorithm/build/lib/ftg_algorithm
[1.479s] running install
[1.479s] running install_lib
[1.481s] copying /home/autodrive_devkit/build/ftg_algorithm/build/lib/ftg_algorithm/controller_node.py -> /home/autodrive_devkit/install/ftg_algorithm/lib/python3.10/site-packages/ftg_algorithm
[1.482s] byte-compiling /home/autodrive_devkit/install/ftg_algorithm/lib/python3.10/site-packages/ftg_algorithm/controller_node.py to controller_node.cpython-310.pyc
[1.485s] running install_data
[1.485s] running install_egg_info
[1.489s] removing '/home/autodrive_devkit/install/ftg_algorithm/lib/python3.10/site-packages/ftg_algorithm-0.0.0-py3.10.egg-info' (and everything under it)
[1.489s] Copying ../../build/ftg_algorithm/ftg_algorithm.egg-info to /home/autodrive_devkit/install/ftg_algorithm/lib/python3.10/site-packages/ftg_algorithm-0.0.0-py3.10.egg-info
[1.491s] running install_scripts
[1.533s] Installing controller_node script to /home/autodrive_devkit/install/ftg_algorithm/lib/ftg_algorithm
[1.534s] writing list of installed files to '/home/autodrive_devkit/build/ftg_algorithm/install.log'
[1.590s] Invoked command in '/home/autodrive_devkit/src/ftg_algorithm' returned '0': PYTHONPATH=/home/autodrive_devkit/build/ftg_algorithm/prefix_override:/usr/lib/python3/dist-packages/colcon_core/task/python/colcon_distutils_commands:/home/autodrive_devkit/install/ftg_algorithm/lib/python3.10/site-packages:${PYTHONPATH} /usr/bin/python3 -W ignore:setup.py install is deprecated -W ignore:easy_install command is deprecated setup.py egg_info --egg-base ../../build/ftg_algorithm build --build-base /home/autodrive_devkit/build/ftg_algorithm/build install --record /home/autodrive_devkit/build/ftg_algorithm/install.log --single-version-externally-managed install_data
